#
# There is insufficient memory for the Java Runtime Environment to continue.
# Native memory allocation (malloc) failed to allocate 1148064 bytes for Chunk::new
# Possible reasons:
#   The system is out of physical RAM or swap space
#   The process is running with CompressedOops enabled, and the Java Heap may be blocking the growth of the native heap
# Possible solutions:
#   Reduce memory load on the system
#   Increase physical memory or swap space
#   Check if swap backing store is full
#   Decrease Java heap size (-Xmx/-Xms)
#   Decrease number of Java threads
#   Decrease Java thread stack sizes (-Xss)
#   Set larger code cache with -XX:ReservedCodeCacheSize=
#   JVM is running with Unscaled Compressed Oops mode in which the Java heap is
#     placed in the first 4GB address space. The Java Heap base address is the
#     maximum limit for the native heap growth. Please use -XX:HeapBaseMinAddress
#     to set the Java Heap base and to place the Java Heap above 4GB virtual address.
# This output file may be truncated or incomplete.
#
#  Out of Memory Error (arena.cpp:184), pid=9816, tid=18600
#
# JRE version: Java(TM) SE Runtime Environment (19.0.2+7) (build 19.0.2+7-44)
# Java VM: Java HotSpot(TM) 64-Bit Server VM (19.0.2+7-44, mixed mode, sharing, tiered, compressed oops, compressed class ptrs, g1 gc, windows-amd64)
# No core dump will be written. Minidumps are not enabled by default on client versions of Windows
#

---------------  S U M M A R Y ------------

Command Line: com.portfolio.PortfolioApplication

Host: AMD Ryzen 3 5300U with Radeon Graphics         , 8 cores, 3G,  Windows 11 , 64 bit Build 22621 (10.0.22621.1485)
Time: Wed May  3 19:02:34 2023 Hora estándar de Argentina elapsed time: 7.200003 seconds (0d 0h 0m 7s)

---------------  T H R E A D  ---------------

Current thread (0x000001d97133e4b0):  JavaThread "C2 CompilerThread0" daemon [_thread_in_native, id=18600, stack(0x0000001407f00000,0x0000001408000000)]


Current CompileTask:
C2:   7200 4679   !   4       java.net.URL::<init> (543 bytes)

Stack: [0x0000001407f00000,0x0000001408000000]
Native frames: (J=compiled Java code, j=interpreted, Vv=VM code, C=native code)
V  [jvm.dll+0x6ee21a]
V  [jvm.dll+0x85765e]
V  [jvm.dll+0x85904e]
V  [jvm.dll+0x859703]
V  [jvm.dll+0x28298f]
V  [jvm.dll+0xc9adf]
V  [jvm.dll+0xc9e65]
V  [jvm.dll+0x3bca4c]
V  [jvm.dll+0x3860e1]
V  [jvm.dll+0x38555a]
V  [jvm.dll+0x24c3d9]
V  [jvm.dll+0x24b781]
V  [jvm.dll+0x1d6ce1]
V  [jvm.dll+0x25b25a]
V  [jvm.dll+0x2596e8]
V  [jvm.dll+0x807588]
V  [jvm.dll+0x80125a]
V  [jvm.dll+0x6ecf0b]
C  [ucrtbase.dll+0x29363]
C  [KERNEL32.DLL+0x1269d]
C  [ntdll.dll+0x5a9f8]


---------------  P R O C E S S  ---------------

Threads class SMR info:
_java_thread_list=0x000001d9776a7f90, length=17, elements={
0x000001d9537a9130, 0x000001d971330100, 0x000001d9713313e0, 0x000001d9713360a0,
0x000001d9713369d0, 0x000001d971337300, 0x000001d971339c40, 0x000001d97133e4b0,
0x000001d97133f230, 0x000001d97137b710, 0x000001d9755e7120, 0x000001d9755f3d00,
0x000001d975f9d4c0, 0x000001d975d856c0, 0x000001d977123020, 0x000001d975c04db0,
0x000001d975c05da0
}

Java Threads: ( => current thread )
  0x000001d9537a9130 JavaThread "main" [_thread_blocked, id=1492, stack(0x0000001407200000,0x0000001407300000)]
  0x000001d971330100 JavaThread "Reference Handler" daemon [_thread_blocked, id=19348, stack(0x0000001407900000,0x0000001407a00000)]
  0x000001d9713313e0 JavaThread "Finalizer" daemon [_thread_blocked, id=23124, stack(0x0000001407a00000,0x0000001407b00000)]
  0x000001d9713360a0 JavaThread "Signal Dispatcher" daemon [_thread_blocked, id=12648, stack(0x0000001407b00000,0x0000001407c00000)]
  0x000001d9713369d0 JavaThread "Attach Listener" daemon [_thread_blocked, id=6992, stack(0x0000001407c00000,0x0000001407d00000)]
  0x000001d971337300 JavaThread "Service Thread" daemon [_thread_blocked, id=20040, stack(0x0000001407d00000,0x0000001407e00000)]
  0x000001d971339c40 JavaThread "Monitor Deflation Thread" daemon [_thread_blocked, id=18704, stack(0x0000001407e00000,0x0000001407f00000)]
=>0x000001d97133e4b0 JavaThread "C2 CompilerThread0" daemon [_thread_in_native, id=18600, stack(0x0000001407f00000,0x0000001408000000)]
  0x000001d97133f230 JavaThread "C1 CompilerThread0" daemon [_thread_blocked, id=24032, stack(0x0000001408000000,0x0000001408100000)]
  0x000001d97137b710 JavaThread "Sweeper thread" daemon [_thread_blocked, id=11844, stack(0x0000001408100000,0x0000001408200000)]
  0x000001d9755e7120 JavaThread "Notification Thread" daemon [_thread_blocked, id=20192, stack(0x0000001408200000,0x0000001408300000)]
  0x000001d9755f3d00 JavaThread "Common-Cleaner" daemon [_thread_blocked, id=24288, stack(0x0000001408400000,0x0000001408500000)]
  0x000001d975f9d4c0 JavaThread "Thread-0" [_thread_blocked, id=348, stack(0x0000001408600000,0x0000001408700000)]
  0x000001d975d856c0 JavaThread "restartedMain" [_thread_in_Java, id=20552, stack(0x0000001408700000,0x0000001408800000)]
  0x000001d977123020 JavaThread "mysql-cj-abandoned-connection-cleanup" daemon [_thread_blocked, id=14212, stack(0x0000001409000000,0x0000001409100000)]
  0x000001d975c04db0 JavaThread "HikariPool-1 housekeeper" daemon [_thread_blocked, id=23968, stack(0x0000001409200000,0x0000001409300000)]
  0x000001d975c05da0 JavaThread "HikariPool-1 connection adder" daemon [_thread_blocked, id=13492, stack(0x0000001409300000,0x0000001409400000)]

Other Threads:
  0x000001d971314840 VMThread "VM Thread" [stack: 0x0000001407800000,0x0000001407900000] [id=17220]
  0x000001d9755e9e80 WatcherThread "VM Periodic Task Thread" [stack: 0x0000001408300000,0x0000001408400000] [id=832]
  0x000001d9537e6050 WorkerThread "GC Thread#0" [stack: 0x0000001407300000,0x0000001407400000] [id=15836]
  0x000001d9760bbf70 WorkerThread "GC Thread#1" [stack: 0x0000001408800000,0x0000001408900000] [id=23392]
  0x000001d9760bc240 WorkerThread "GC Thread#2" [stack: 0x0000001408900000,0x0000001408a00000] [id=22068]
  0x000001d9760bc510 WorkerThread "GC Thread#3" [stack: 0x0000001408a00000,0x0000001408b00000] [id=23976]
  0x000001d9761296b0 WorkerThread "GC Thread#4" [stack: 0x0000001408b00000,0x0000001408c00000] [id=4332]
  0x000001d97612b050 WorkerThread "GC Thread#5" [stack: 0x0000001408c00000,0x0000001408d00000] [id=15208]
  0x000001d97612b5f0 WorkerThread "GC Thread#6" [stack: 0x0000001408e00000,0x0000001408f00000] [id=23584]
  0x000001d97612b320 WorkerThread "GC Thread#7" [stack: 0x0000001408f00000,0x0000001409000000] [id=14972]
  0x000001d9537edc10 ConcurrentGCThread "G1 Main Marker" [stack: 0x0000001407400000,0x0000001407500000] [id=9492]
  0x000001d9537ef690 WorkerThread "G1 Conc#0" [stack: 0x0000001407500000,0x0000001407600000] [id=5036]
  0x000001d97612a7e0 WorkerThread "G1 Conc#1" [stack: 0x0000001408d00000,0x0000001408e00000] [id=24224]
  0x000001d9538477e0 ConcurrentGCThread "G1 Refine#0" [stack: 0x0000001407600000,0x0000001407700000] [id=4308]
  0x000001d9538481c0 ConcurrentGCThread "G1 Service" [stack: 0x0000001407700000,0x0000001407800000] [id=13856]

Threads with active compile tasks:
C2 CompilerThread0     7236 4679   !   4       java.net.URL::<init> (543 bytes)

VM state: not at safepoint (normal execution)

VM Mutex/Monitor currently owned by a thread: None

Heap address: 0x00000000ca800000, size: 856 MB, Compressed Oops mode: 32-bit

CDS archive(s) mapped at: [0x0000000800000000-0x0000000800c40000-0x0000000800c40000), size 12845056, SharedBaseAddress: 0x0000000800000000, ArchiveRelocationMode: 0.
Compressed class space mapped at: 0x0000000801000000-0x0000000841000000, reserved size: 1073741824
Narrow klass base: 0x0000000800000000, Narrow klass shift: 0, Narrow klass range: 0x100000000

GC Precious Log:
 CardTable entry size: 512
 Card Set container configuration: InlinePtr #cards 5 size 8 Array Of Cards #cards 12 size 40 Howl #buckets 4 coarsen threshold 1843 Howl Bitmap #cards 512 size 80 coarsen threshold 460 Card regions per heap region 1 cards per card region 2048
 CPUs: 8 total, 8 available
 Memory: 3418M
 Large Page Support: Disabled
 NUMA Support: Disabled
 Compressed Oops: Enabled (32-bit)
 Heap Region Size: 1M
 Heap Min Capacity: 8M
 Heap Initial Capacity: 54M
 Heap Max Capacity: 856M
 Pre-touch: Disabled
 Parallel Workers: 8
 Concurrent Workers: 2
 Concurrent Refinement Workers: 8
 Periodic GC: Disabled

Heap:
 garbage-first heap   total 51200K, used 31030K [0x00000000ca800000, 0x0000000100000000)
  region size 1024K, 12 young (12288K), 2 survivors (2048K)
 Metaspace       used 49700K, committed 50304K, reserved 1114112K
  class space    used 6548K, committed 6848K, reserved 1048576K

Heap Regions: E=young(eden), S=young(survivor), O=old, HS=humongous(starts), HC=humongous(continues), CS=collection set, F=free, OA=open archive, CA=closed archive, TAMS=top-at-mark-start (previous, next)
|   0|0x00000000ca800000, 0x00000000ca900000, 0x00000000ca900000|100%|HS|  |TAMS 0x00000000ca900000, 0x00000000ca800000| Complete 
|   1|0x00000000ca900000, 0x00000000caa00000, 0x00000000caa00000|100%| O|  |TAMS 0x00000000caa00000, 0x00000000ca900000| Untracked 
|   2|0x00000000caa00000, 0x00000000cab00000, 0x00000000cab00000|100%| O|  |TAMS 0x00000000cab00000, 0x00000000caa00000| Untracked 
|   3|0x00000000cab00000, 0x00000000cac00000, 0x00000000cac00000|100%| O|  |TAMS 0x00000000cac00000, 0x00000000cab00000| Untracked 
|   4|0x00000000cac00000, 0x00000000cad00000, 0x00000000cad00000|100%| O|  |TAMS 0x00000000cad00000, 0x00000000cac00000| Untracked 
|   5|0x00000000cad00000, 0x00000000cae00000, 0x00000000cae00000|100%| O|  |TAMS 0x00000000cae00000, 0x00000000cad00000| Untracked 
|   6|0x00000000cae00000, 0x00000000caf00000, 0x00000000caf00000|100%| O|  |TAMS 0x00000000caf00000, 0x00000000cae00000| Untracked 
|   7|0x00000000caf00000, 0x00000000cb000000, 0x00000000cb000000|100%| O|  |TAMS 0x00000000cb000000, 0x00000000caf00000| Untracked 
|   8|0x00000000cb000000, 0x00000000cb100000, 0x00000000cb100000|100%| O|  |TAMS 0x00000000cb100000, 0x00000000cb000000| Untracked 
|   9|0x00000000cb100000, 0x00000000cb200000, 0x00000000cb200000|100%| O|  |TAMS 0x00000000cb200000, 0x00000000cb100000| Untracked 
|  10|0x00000000cb200000, 0x00000000cb300000, 0x00000000cb300000|100%| O|  |TAMS 0x00000000cb300000, 0x00000000cb200000| Untracked 
|  11|0x00000000cb300000, 0x00000000cb400000, 0x00000000cb400000|100%| O|  |TAMS 0x00000000cb400000, 0x00000000cb300000| Untracked 
|  12|0x00000000cb400000, 0x00000000cb500000, 0x00000000cb500000|100%| O|  |TAMS 0x00000000cb500000, 0x00000000cb400000| Untracked 
|  13|0x00000000cb500000, 0x00000000cb600000, 0x00000000cb600000|100%| O|  |TAMS 0x00000000cb600000, 0x00000000cb500000| Untracked 
|  14|0x00000000cb600000, 0x00000000cb700000, 0x00000000cb700000|100%| O|  |TAMS 0x00000000cb700000, 0x00000000cb600000| Untracked 
|  15|0x00000000cb700000, 0x00000000cb800000, 0x00000000cb800000|100%| O|  |TAMS 0x00000000cb800000, 0x00000000cb700000| Untracked 
|  16|0x00000000cb800000, 0x00000000cb900000, 0x00000000cb900000|100%| O|  |TAMS 0x00000000cb8dd400, 0x00000000cb800000| Untracked 
|  17|0x00000000cb900000, 0x00000000cba00000, 0x00000000cba00000|100%| O|  |TAMS 0x00000000cb900000, 0x00000000cb900000| Untracked 
|  18|0x00000000cba00000, 0x00000000cbb00000, 0x00000000cbb00000|100%| O|  |TAMS 0x00000000cba00000, 0x00000000cba00000| Untracked 
|  19|0x00000000cbb00000, 0x00000000cbc00000, 0x00000000cbc00000|100%| O|  |TAMS 0x00000000cbb00000, 0x00000000cbb00000| Untracked 
|  20|0x00000000cbc00000, 0x00000000cbced800, 0x00000000cbd00000| 92%| O|  |TAMS 0x00000000cbc00000, 0x00000000cbc00000| Untracked 
|  21|0x00000000cbd00000, 0x00000000cbd00000, 0x00000000cbe00000|  0%| F|  |TAMS 0x00000000cbd00000, 0x00000000cbd00000| Untracked 
|  22|0x00000000cbe00000, 0x00000000cbe00000, 0x00000000cbf00000|  0%| F|  |TAMS 0x00000000cbe00000, 0x00000000cbe00000| Untracked 
|  23|0x00000000cbf00000, 0x00000000cbf00000, 0x00000000cc000000|  0%| F|  |TAMS 0x00000000cbf00000, 0x00000000cbf00000| Untracked 
|  24|0x00000000cc000000, 0x00000000cc000000, 0x00000000cc100000|  0%| F|  |TAMS 0x00000000cc000000, 0x00000000cc000000| Untracked 
|  25|0x00000000cc100000, 0x00000000cc100000, 0x00000000cc200000|  0%| F|  |TAMS 0x00000000cc100000, 0x00000000cc100000| Untracked 
|  26|0x00000000cc200000, 0x00000000cc200000, 0x00000000cc300000|  0%| F|  |TAMS 0x00000000cc200000, 0x00000000cc200000| Untracked 
|  27|0x00000000cc300000, 0x00000000cc300000, 0x00000000cc400000|  0%| F|  |TAMS 0x00000000cc300000, 0x00000000cc300000| Untracked 
|  28|0x00000000cc400000, 0x00000000cc400000, 0x00000000cc500000|  0%| F|  |TAMS 0x00000000cc400000, 0x00000000cc400000| Untracked 
|  29|0x00000000cc500000, 0x00000000cc500000, 0x00000000cc600000|  0%| F|  |TAMS 0x00000000cc500000, 0x00000000cc500000| Untracked 
|  30|0x00000000cc600000, 0x00000000cc600000, 0x00000000cc700000|  0%| F|  |TAMS 0x00000000cc600000, 0x00000000cc600000| Untracked 
|  31|0x00000000cc700000, 0x00000000cc7601a8, 0x00000000cc800000| 37%| S|CS|TAMS 0x00000000cc700000, 0x00000000cc700000| Complete 
|  32|0x00000000cc800000, 0x00000000cc900000, 0x00000000cc900000|100%| S|CS|TAMS 0x00000000cc800000, 0x00000000cc800000| Complete 
|  33|0x00000000cc900000, 0x00000000cc900000, 0x00000000cca00000|  0%| F|  |TAMS 0x00000000cc900000, 0x00000000cc900000| Untracked 
|  34|0x00000000cca00000, 0x00000000cca00000, 0x00000000ccb00000|  0%| F|  |TAMS 0x00000000cca00000, 0x00000000cca00000| Untracked 
|  35|0x00000000ccb00000, 0x00000000ccb00000, 0x00000000ccc00000|  0%| F|  |TAMS 0x00000000ccb00000, 0x00000000ccb00000| Untracked 
|  36|0x00000000ccc00000, 0x00000000ccc00000, 0x00000000ccd00000|  0%| F|  |TAMS 0x00000000ccc00000, 0x00000000ccc00000| Untracked 
|  37|0x00000000ccd00000, 0x00000000ccd00000, 0x00000000cce00000|  0%| F|  |TAMS 0x00000000ccd00000, 0x00000000ccd00000| Untracked 
|  38|0x00000000cce00000, 0x00000000cce00000, 0x00000000ccf00000|  0%| F|  |TAMS 0x00000000cce00000, 0x00000000cce00000| Untracked 
|  39|0x00000000ccf00000, 0x00000000ccf00000, 0x00000000cd000000|  0%| F|  |TAMS 0x00000000ccf00000, 0x00000000ccf00000| Untracked 
|  40|0x00000000cd000000, 0x00000000cd0af568, 0x00000000cd100000| 68%| E|  |TAMS 0x00000000cd000000, 0x00000000cd000000| Complete 
|  41|0x00000000cd100000, 0x00000000cd200000, 0x00000000cd200000|100%| E|CS|TAMS 0x00000000cd100000, 0x00000000cd100000| Complete 
|  42|0x00000000cd200000, 0x00000000cd300000, 0x00000000cd300000|100%| E|CS|TAMS 0x00000000cd200000, 0x00000000cd200000| Complete 
|  43|0x00000000cd300000, 0x00000000cd400000, 0x00000000cd400000|100%| E|CS|TAMS 0x00000000cd300000, 0x00000000cd300000| Complete 
|  44|0x00000000cd400000, 0x00000000cd500000, 0x00000000cd500000|100%| E|CS|TAMS 0x00000000cd400000, 0x00000000cd400000| Complete 
|  45|0x00000000cd500000, 0x00000000cd600000, 0x00000000cd600000|100%| E|CS|TAMS 0x00000000cd500000, 0x00000000cd500000| Complete 
|  46|0x00000000cd600000, 0x00000000cd700000, 0x00000000cd700000|100%| E|CS|TAMS 0x00000000cd600000, 0x00000000cd600000| Complete 
|  47|0x00000000cd700000, 0x00000000cd800000, 0x00000000cd800000|100%| E|CS|TAMS 0x00000000cd700000, 0x00000000cd700000| Complete 
|  48|0x00000000cd800000, 0x00000000cd900000, 0x00000000cd900000|100%| E|CS|TAMS 0x00000000cd800000, 0x00000000cd800000| Complete 
|  53|0x00000000cdd00000, 0x00000000cde00000, 0x00000000cde00000|100%| E|  |TAMS 0x00000000cdd00000, 0x00000000cdd00000| Complete 

Card table byte_map: [0x000001d96cb00000,0x000001d96ccb0000] _byte_map_base: 0x000001d96c4ac000

Marking Bits (Prev, Next): (CMBitMap*) 0x000001d9537e6680, (CMBitMap*) 0x000001d9537e66c0
 Prev Bits: [0x000001d96ce60000, 0x000001d96dbc0000)
 Next Bits: [0x000001d96dbc0000, 0x000001d96e920000)

Polling page: 0x000001d953860000

Metaspace:

Usage:
  Non-class:     42.15 MB used.
      Class:      6.40 MB used.
       Both:     48.55 MB used.

Virtual space:
  Non-class space:       64.00 MB reserved,      42.44 MB ( 66%) committed,  1 nodes.
      Class space:        1.00 GB reserved,       6.69 MB ( <1%) committed,  1 nodes.
             Both:        1.06 GB reserved,      49.12 MB (  5%) committed. 

Chunk freelists:
   Non-Class:  1.52 MB
       Class:  1.23 MB
        Both:  2.75 MB

MaxMetaspaceSize: unlimited
CompressedClassSpaceSize: 1.00 GB
Initial GC threshold: 21.00 MB
Current GC threshold: 59.06 MB
CDS: on
MetaspaceReclaimPolicy: balanced
 - commit_granule_bytes: 65536.
 - commit_granule_words: 8192.
 - virtual_space_node_default_size: 8388608.
 - enlarge_chunks_in_place: 1.
 - new_chunks_are_fully_committed: 0.
 - uncommit_free_chunks: 1.
 - use_allocation_guard: 0.


Internal statistics:

num_allocs_failed_limit: 6.
num_arena_births: 692.
num_arena_deaths: 0.
num_vsnodes_births: 2.
num_vsnodes_deaths: 0.
num_space_committed: 786.
num_space_uncommitted: 0.
num_chunks_returned_to_freelist: 6.
num_chunks_taken_from_freelist: 2358.
num_chunk_merges: 6.
num_chunk_splits: 1772.
num_chunks_enlarged: 1471.
num_inconsistent_stats: 0.

CodeHeap 'non-profiled nmethods': size=120000Kb used=2241Kb max_used=2241Kb free=117759Kb
 bounds [0x000001d9649a0000, 0x000001d964c10000, 0x000001d96bed0000]
CodeHeap 'profiled nmethods': size=120000Kb used=9415Kb max_used=9415Kb free=110584Kb
 bounds [0x000001d95ced0000, 0x000001d95d810000, 0x000001d964400000]
CodeHeap 'non-nmethods': size=5760Kb used=1386Kb max_used=1405Kb free=4373Kb
 bounds [0x000001d964400000, 0x000001d964670000, 0x000001d9649a0000]
 total_blobs=5346 nmethods=4720 adapters=536
 compilation: enabled
              stopped_count=0, restarted_count=0
 full_count=0

Compilation events (20 events):
Event: 7.136 Thread 0x000001d97133f230 4682       3       net.bytebuddy.description.method.ParameterList$AbstractBase::asTypeList (61 bytes)
Event: 7.137 Thread 0x000001d97133f230 nmethod 4682 0x000001d95d7e4810 code [0x000001d95d7e4ac0, 0x000001d95d7e5c38]
Event: 7.137 Thread 0x000001d97133f230 4684       3       java.util.AbstractList::listIterator (15 bytes)
Event: 7.137 Thread 0x000001d97133f230 nmethod 4684 0x000001d95d7e6190 code [0x000001d95d7e6380, 0x000001d95d7e69a8]
Event: 7.137 Thread 0x000001d97133f230 4685       3       java.util.AbstractList::rangeCheckForAdd (26 bytes)
Event: 7.138 Thread 0x000001d97133f230 nmethod 4685 0x000001d95d7e6b90 code [0x000001d95d7e6e00, 0x000001d95d7e77a8]
Event: 7.138 Thread 0x000001d97133f230 4686       3       java.util.AbstractList$ListItr::<init> (16 bytes)
Event: 7.138 Thread 0x000001d97133f230 nmethod 4686 0x000001d95d7e7b10 code [0x000001d95d7e7cc0, 0x000001d95d7e7f58]
Event: 7.138 Thread 0x000001d97133f230 4683       3       net.bytebuddy.description.type.TypeDescription$Generic$OfNonGenericType::<init> (5 bytes)
Event: 7.138 Thread 0x000001d97133f230 nmethod 4683 0x000001d95d7e8090 code [0x000001d95d7e8240, 0x000001d95d7e8458]
Event: 7.138 Thread 0x000001d97133f230 4681       3       net.bytebuddy.description.type.TypeList$Explicit::<init> (10 bytes)
Event: 7.138 Thread 0x000001d97133f230 nmethod 4681 0x000001d95d7e8590 code [0x000001d95d7e8760, 0x000001d95d7e8a98]
Event: 7.139 Thread 0x000001d97133f230 4687       3       net.bytebuddy.description.method.MethodDescription$TypeToken::hashCode (71 bytes)
Event: 7.140 Thread 0x000001d97133f230 nmethod 4687 0x000001d95d7e8c10 code [0x000001d95d7e8de0, 0x000001d95d7e9178]
Event: 7.143 Thread 0x000001d97133f230 4688       3       net.bytebuddy.matcher.ElementMatcher$Junction$ForNonNullValues::<init> (5 bytes)
Event: 7.144 Thread 0x000001d97133f230 nmethod 4688 0x000001d95d7e9290 code [0x000001d95d7e9440, 0x000001d95d7e95f8]
Event: 7.160 Thread 0x000001d97133f230 4689       3       net.bytebuddy.description.type.TypeDescription$Generic$OfNonGenericType::accept (8 bytes)
Event: 7.160 Thread 0x000001d97133f230 nmethod 4689 0x000001d95d7e9710 code [0x000001d95d7e98c0, 0x000001d95d7e9aa8]
Event: 7.162 Thread 0x000001d97133f230 4690       3       net.bytebuddy.description.type.TypeDefinition$Sort::describe (127 bytes)
Event: 7.163 Thread 0x000001d97133f230 nmethod 4690 0x000001d95d7e9b90 code [0x000001d95d7e9f20, 0x000001d95d7eba68]

GC Heap History (20 events):
Event: 2.558 GC heap before
{Heap before GC invocations=2 (full 0):
 garbage-first heap   total 55296K, used 29018K [0x00000000ca800000, 0x0000000100000000)
  region size 1024K, 23 young (23552K), 2 survivors (2048K)
 Metaspace       used 16357K, committed 16640K, reserved 1114112K
  class space    used 1975K, committed 2112K, reserved 1048576K
}
Event: 2.562 GC heap after
{Heap after GC invocations=3 (full 0):
 garbage-first heap   total 55296K, used 10604K [0x00000000ca800000, 0x0000000100000000)
  region size 1024K, 3 young (3072K), 3 survivors (3072K)
 Metaspace       used 16357K, committed 16640K, reserved 1114112K
  class space    used 1975K, committed 2112K, reserved 1048576K
}
Event: 3.139 GC heap before
{Heap before GC invocations=3 (full 0):
 garbage-first heap   total 55296K, used 32108K [0x00000000ca800000, 0x0000000100000000)
  region size 1024K, 25 young (25600K), 3 survivors (3072K)
 Metaspace       used 19984K, committed 20288K, reserved 1114112K
  class space    used 2442K, committed 2560K, reserved 1048576K
}
Event: 3.143 GC heap after
{Heap after GC invocations=4 (full 0):
 garbage-first heap   total 55296K, used 12497K [0x00000000ca800000, 0x0000000100000000)
  region size 1024K, 4 young (4096K), 4 survivors (4096K)
 Metaspace       used 19984K, committed 20288K, reserved 1114112K
  class space    used 2442K, committed 2560K, reserved 1048576K
}
Event: 3.435 GC heap before
{Heap before GC invocations=4 (full 0):
 garbage-first heap   total 55296K, used 21713K [0x00000000ca800000, 0x0000000100000000)
  region size 1024K, 14 young (14336K), 4 survivors (4096K)
 Metaspace       used 21286K, committed 21504K, reserved 1114112K
  class space    used 2602K, committed 2688K, reserved 1048576K
}
Event: 3.439 GC heap after
{Heap after GC invocations=5 (full 0):
 garbage-first heap   total 55296K, used 12887K [0x00000000ca800000, 0x0000000100000000)
  region size 1024K, 3 young (3072K), 3 survivors (3072K)
 Metaspace       used 21286K, committed 21504K, reserved 1114112K
  class space    used 2602K, committed 2688K, reserved 1048576K
}
Event: 4.245 GC heap before
{Heap before GC invocations=6 (full 0):
 garbage-first heap   total 51200K, used 37463K [0x00000000ca800000, 0x0000000100000000)
  region size 1024K, 27 young (27648K), 3 survivors (3072K)
 Metaspace       used 25363K, committed 25728K, reserved 1114112K
  class space    used 3186K, committed 3392K, reserved 1048576K
}
Event: 4.250 GC heap after
{Heap after GC invocations=7 (full 0):
 garbage-first heap   total 51200K, used 15050K [0x00000000ca800000, 0x0000000100000000)
  region size 1024K, 4 young (4096K), 4 survivors (4096K)
 Metaspace       used 25363K, committed 25728K, reserved 1114112K
  class space    used 3186K, committed 3392K, reserved 1048576K
}
Event: 4.282 GC heap before
{Heap before GC invocations=7 (full 0):
 garbage-first heap   total 51200K, used 16074K [0x00000000ca800000, 0x0000000100000000)
  region size 1024K, 5 young (5120K), 4 survivors (4096K)
 Metaspace       used 25470K, committed 25856K, reserved 1114112K
  class space    used 3201K, committed 3392K, reserved 1048576K
}
Event: 4.285 GC heap after
{Heap after GC invocations=8 (full 0):
 garbage-first heap   total 51200K, used 15551K [0x00000000ca800000, 0x0000000100000000)
  region size 1024K, 1 young (1024K), 1 survivors (1024K)
 Metaspace       used 25470K, committed 25856K, reserved 1114112K
  class space    used 3201K, committed 3392K, reserved 1048576K
}
Event: 5.033 GC heap before
{Heap before GC invocations=8 (full 0):
 garbage-first heap   total 51200K, used 36031K [0x00000000ca800000, 0x0000000100000000)
  region size 1024K, 22 young (22528K), 1 survivors (1024K)
 Metaspace       used 29735K, committed 30272K, reserved 1114112K
  class space    used 3738K, committed 3968K, reserved 1048576K
}
Event: 5.036 GC heap after
{Heap after GC invocations=9 (full 0):
 garbage-first heap   total 51200K, used 17322K [0x00000000ca800000, 0x0000000100000000)
  region size 1024K, 3 young (3072K), 3 survivors (3072K)
 Metaspace       used 29735K, committed 30272K, reserved 1114112K
  class space    used 3738K, committed 3968K, reserved 1048576K
}
Event: 5.550 GC heap before
{Heap before GC invocations=9 (full 0):
 garbage-first heap   total 51200K, used 35754K [0x00000000ca800000, 0x0000000100000000)
  region size 1024K, 22 young (22528K), 3 survivors (3072K)
 Metaspace       used 32872K, committed 33408K, reserved 1114112K
  class space    used 4125K, committed 4352K, reserved 1048576K
}
Event: 5.553 GC heap after
{Heap after GC invocations=10 (full 0):
 garbage-first heap   total 51200K, used 18800K [0x00000000ca800000, 0x0000000100000000)
  region size 1024K, 2 young (2048K), 2 survivors (2048K)
 Metaspace       used 32872K, committed 33408K, reserved 1114112K
  class space    used 4125K, committed 4352K, reserved 1048576K
}
Event: 5.871 GC heap before
{Heap before GC invocations=10 (full 0):
 garbage-first heap   total 51200K, used 28016K [0x00000000ca800000, 0x0000000100000000)
  region size 1024K, 12 young (12288K), 2 survivors (2048K)
 Metaspace       used 35557K, committed 36096K, reserved 1114112K
  class space    used 4559K, committed 4864K, reserved 1048576K
}
Event: 5.875 GC heap after
{Heap after GC invocations=11 (full 0):
 garbage-first heap   total 51200K, used 19139K [0x00000000ca800000, 0x0000000100000000)
  region size 1024K, 2 young (2048K), 2 survivors (2048K)
 Metaspace       used 35557K, committed 36096K, reserved 1114112K
  class space    used 4559K, committed 4864K, reserved 1048576K
}
Event: 6.477 GC heap before
{Heap before GC invocations=12 (full 0):
 garbage-first heap   total 51200K, used 38595K [0x00000000ca800000, 0x0000000100000000)
  region size 1024K, 22 young (22528K), 2 survivors (2048K)
 Metaspace       used 41890K, committed 42432K, reserved 1114112K
  class space    used 5357K, committed 5632K, reserved 1048576K
}
Event: 6.482 GC heap after
{Heap after GC invocations=13 (full 0):
 garbage-first heap   total 51200K, used 21499K [0x00000000ca800000, 0x0000000100000000)
  region size 1024K, 3 young (3072K), 3 survivors (3072K)
 Metaspace       used 41890K, committed 42432K, reserved 1114112K
  class space    used 5357K, committed 5632K, reserved 1048576K
}
Event: 6.933 GC heap before
{Heap before GC invocations=13 (full 0):
 garbage-first heap   total 51200K, used 38907K [0x00000000ca800000, 0x0000000100000000)
  region size 1024K, 20 young (20480K), 3 survivors (3072K)
 Metaspace       used 46797K, committed 47360K, reserved 1114112K
  class space    used 6057K, committed 6336K, reserved 1048576K
}
Event: 6.936 GC heap after
{Heap after GC invocations=14 (full 0):
 garbage-first heap   total 51200K, used 22838K [0x00000000ca800000, 0x0000000100000000)
  region size 1024K, 2 young (2048K), 2 survivors (2048K)
 Metaspace       used 46797K, committed 47360K, reserved 1114112K
  class space    used 6057K, committed 6336K, reserved 1048576K
}

Dll operation events (11 events):
Event: 0.015 Loaded shared library C:\Program Files\Java\jdk-19\bin\java.dll
Event: 0.032 Loaded shared library C:\Program Files\Java\jdk-19\bin\jsvml.dll
Event: 0.151 Loaded shared library C:\Program Files\Java\jdk-19\bin\net.dll
Event: 0.154 Loaded shared library C:\Program Files\Java\jdk-19\bin\nio.dll
Event: 0.158 Loaded shared library C:\Program Files\Java\jdk-19\bin\zip.dll
Event: 0.345 Loaded shared library C:\Program Files\Java\jdk-19\bin\jimage.dll
Event: 0.929 Loaded shared library C:\Program Files\Java\jdk-19\bin\management.dll
Event: 0.945 Loaded shared library C:\Program Files\Java\jdk-19\bin\management_ext.dll
Event: 2.043 Loaded shared library C:\Program Files\Java\jdk-19\bin\verify.dll
Event: 4.972 Loaded shared library C:\Program Files\Java\jdk-19\bin\sunmscapi.dll
Event: 6.109 Loaded shared library C:\Program Files\Java\jdk-19\bin\extnet.dll

Deoptimization events (20 events):
Event: 5.997 Thread 0x000001d975d856c0 DEOPT PACKING pc=0x000001d95d6a6cde sp=0x00000014087f5970
Event: 5.997 Thread 0x000001d975d856c0 DEOPT UNPACKING pc=0x000001d964467543 sp=0x00000014087f4e80 mode 0
Event: 5.998 Thread 0x000001d975d856c0 DEOPT PACKING pc=0x000001d95d6a6cde sp=0x00000014087f5970
Event: 5.998 Thread 0x000001d975d856c0 DEOPT UNPACKING pc=0x000001d964467543 sp=0x00000014087f4e80 mode 0
Event: 5.998 Thread 0x000001d975d856c0 DEOPT PACKING pc=0x000001d95d6a6cde sp=0x00000014087f5970
Event: 5.998 Thread 0x000001d975d856c0 DEOPT UNPACKING pc=0x000001d964467543 sp=0x00000014087f4e80 mode 0
Event: 5.998 Thread 0x000001d975d856c0 DEOPT PACKING pc=0x000001d95d6a6cde sp=0x00000014087f5970
Event: 5.998 Thread 0x000001d975d856c0 DEOPT UNPACKING pc=0x000001d964467543 sp=0x00000014087f4e80 mode 0
Event: 5.998 Thread 0x000001d975d856c0 DEOPT PACKING pc=0x000001d95d6a6cde sp=0x00000014087f5970
Event: 5.998 Thread 0x000001d975d856c0 DEOPT UNPACKING pc=0x000001d964467543 sp=0x00000014087f4e80 mode 0
Event: 6.166 Thread 0x000001d975d856c0 DEOPT PACKING pc=0x000001d95d2ff2fe sp=0x00000014087f6160
Event: 6.166 Thread 0x000001d975d856c0 DEOPT UNPACKING pc=0x000001d964467543 sp=0x00000014087f5628 mode 0
Event: 6.219 Thread 0x000001d975d856c0 Uncommon trap: trap_request=0xffffff45 fr.pc=0x000001d964a8ba60 relative=0x0000000000000240
Event: 6.219 Thread 0x000001d975d856c0 Uncommon trap: reason=unstable_if action=reinterpret pc=0x000001d964a8ba60 method=java.lang.String.getChars(II[CI)V @ 23 c2
Event: 6.219 Thread 0x000001d975d856c0 DEOPT PACKING pc=0x000001d964a8ba60 sp=0x00000014087f8170
Event: 6.219 Thread 0x000001d975d856c0 DEOPT UNPACKING pc=0x000001d964466da3 sp=0x00000014087f8130 mode 2
Event: 7.168 Thread 0x000001d975d856c0 Uncommon trap: trap_request=0xffffff45 fr.pc=0x000001d964bcee20 relative=0x0000000000000640
Event: 7.168 Thread 0x000001d975d856c0 Uncommon trap: reason=unstable_if action=reinterpret pc=0x000001d964bcee20 method=java.util.HashMap$HashIterator.<init>(Ljava/util/HashMap;)V @ 45 c2
Event: 7.168 Thread 0x000001d975d856c0 DEOPT PACKING pc=0x000001d964bcee20 sp=0x00000014087f7a40
Event: 7.168 Thread 0x000001d975d856c0 DEOPT UNPACKING pc=0x000001d964466da3 sp=0x00000014087f78d0 mode 2

Classes loaded (20 events):
Event: 6.617 Loading class javax/naming/StringRefAddr
Event: 6.617 Loading class javax/naming/StringRefAddr done
Event: 6.640 Loading class java/util/concurrent/CompletionStage
Event: 6.641 Loading class java/util/concurrent/CompletionStage done
Event: 6.642 Loading class java/util/concurrent/CompletableFuture
Event: 6.643 Loading class java/util/concurrent/CompletableFuture done
Event: 6.643 Loading class java/util/concurrent/CompletableFuture$AltResult
Event: 6.644 Loading class java/util/concurrent/CompletableFuture$AltResult done
Event: 6.646 Loading class java/util/concurrent/CompletableFuture$Completion
Event: 6.646 Loading class java/util/concurrent/CompletableFuture$AsynchronousCompletionTask
Event: 6.646 Loading class java/util/concurrent/CompletableFuture$AsynchronousCompletionTask done
Event: 6.647 Loading class java/util/concurrent/CompletableFuture$Completion done
Event: 6.735 Loading class sun/reflect/annotation/TypeAnnotation$TypeAnnotationTargetInfo
Event: 6.735 Loading class sun/reflect/annotation/TypeAnnotation$TypeAnnotationTargetInfo done
Event: 6.767 Loading class java/util/concurrent/CancellationException
Event: 6.767 Loading class java/util/concurrent/CancellationException done
Event: 7.037 Loading class java/util/ArrayList$ListItr
Event: 7.037 Loading class java/util/ArrayList$ListItr done
Event: 7.085 Loading class java/util/AbstractList$SubList
Event: 7.085 Loading class java/util/AbstractList$SubList done

Classes unloaded (0 events):
No events

Classes redefined (0 events):
No events

Internal exceptions (20 events):
Event: 4.507 Thread 0x000001d975d856c0 Exception <a 'java/lang/NoSuchMethodError'{0x00000000cd2b5350}: 'void java.lang.invoke.DirectMethodHandle$Holder.invokeStatic(java.lang.Object, int, java.lang.Object)'> (0x00000000cd2b5350) 
thrown [s\open\src\hotspot\share\interpreter\linkResolver.cpp, line 774]
Event: 4.638 Thread 0x000001d975d856c0 Exception <a 'java/lang/NoSuchMethodError'{0x00000000ccc47ac0}: 'java.lang.Object java.lang.invoke.DirectMethodHandle$Holder.invokeStaticInit(java.lang.Object, int, int, int, int)'> (0x00000000ccc47ac0) 
thrown [s\open\src\hotspot\share\interpreter\linkResolver.cpp, line 774]
Event: 4.726 Thread 0x000001d975d856c0 Exception <a 'java/lang/NoSuchMethodError'{0x00000000cccb7e60}: 'java.lang.Object java.lang.invoke.DirectMethodHandle$Holder.invokeStaticInit(java.lang.Object, java.lang.Object, int, int, int, int)'> (0x00000000cccb7e60) 
thrown [s\open\src\hotspot\share\interpreter\linkResolver.cpp, line 774]
Event: 4.838 Thread 0x000001d975d856c0 Exception <a 'java/lang/NoSuchMethodError'{0x00000000cc92f0e8}: 'int java.lang.invoke.DirectMethodHandle$Holder.invokeVirtual(java.lang.Object, java.lang.Object, java.lang.Object, java.lang.Object)'> (0x00000000cc92f0e8) 
thrown [s\open\src\hotspot\share\interpreter\linkResolver.cpp, line 774]
Event: 4.839 Thread 0x000001d975d856c0 Exception <a 'java/lang/NoSuchMethodError'{0x00000000cc932c10}: 'int java.lang.invoke.DelegatingMethodHandle$Holder.reinvoke_L(java.lang.Object, java.lang.Object, java.lang.Object, java.lang.Object)'> (0x00000000cc932c10) 
thrown [s\open\src\hotspot\share\interpreter\linkResolver.cpp, line 774]
Event: 4.996 Thread 0x000001d975d856c0 Exception <a 'sun/nio/fs/WindowsException'{0x00000000cc418320}> (0x00000000cc418320) 
thrown [s\open\src\hotspot\share\prims\jni.cpp, line 517]
Event: 4.997 Thread 0x000001d975d856c0 Exception <a 'sun/nio/fs/WindowsException'{0x00000000cc41de18}> (0x00000000cc41de18) 
thrown [s\open\src\hotspot\share\prims\jni.cpp, line 517]
Event: 4.997 Thread 0x000001d975d856c0 Exception <a 'sun/nio/fs/WindowsException'{0x00000000cc41e4f0}> (0x00000000cc41e4f0) 
thrown [s\open\src\hotspot\share\prims\jni.cpp, line 517]
Event: 5.107 Thread 0x000001d975d856c0 Exception <a 'java/io/FileNotFoundException'{0x00000000cd8dcee8}> (0x00000000cd8dcee8) 
thrown [s\open\src\hotspot\share\prims\jni.cpp, line 517]
Event: 5.126 Thread 0x000001d975d856c0 Exception <a 'java/lang/NoSuchMethodError'{0x00000000cd7dd3c0}: 'int java.lang.invoke.DirectMethodHandle$Holder.invokeInterface(java.lang.Object, java.lang.Object, java.lang.Object, java.lang.Object)'> (0x00000000cd7dd3c0) 
thrown [s\open\src\hotspot\share\interpreter\linkResolver.cpp, line 774]
Event: 5.155 Thread 0x000001d975d856c0 Exception <a 'java/lang/NoSuchMethodError'{0x00000000cd6e2838}: 'void java.lang.invoke.Invokers$Holder.invokeExact_MT(java.lang.Object, java.lang.Object, java.lang.Object, java.lang.Object)'> (0x00000000cd6e2838) 
thrown [s\open\src\hotspot\share\interpreter\linkResolver.cpp, line 774]
Event: 5.259 Thread 0x000001d975d856c0 Exception <a 'java/lang/NoSuchMethodError'{0x00000000cce1b840}: 'java.lang.Object java.lang.invoke.DirectMethodHandle$Holder.newInvokeSpecial(java.lang.Object, java.lang.Object, java.lang.Object, java.lang.Object, java.lang.Object, java.lang.Object, java.lang.Object, java.lang.Object, java.lang.Object, java.lang.Object, java.lang.Object)'> (0x00000000cce1b840) 
thrown [s\open\src\hotspot\share\interpreter\linkResolver.cpp, line 774]
Event: 5.365 Thread 0x000001d975d856c0 Exception <a 'java/lang/NoSuchMethodError'{0x00000000ccb715c0}: 'void java.lang.invoke.DelegatingMethodHandle$Holder.reinvoke_L(java.lang.Object, java.lang.Object, java.lang.Object, java.lang.Object, int, java.lang.Object, java.lang.Object, java.lang.Object)'> (0x00000000ccb715c0) 
thrown [s\open\src\hotspot\share\interpreter\linkResolver.cpp, line 774]
Event: 6.311 Thread 0x000001d975d856c0 Exception <a 'java/lang/NoSuchMethodError'{0x00000000ccba3b60}: 'java.lang.Object java.lang.invoke.DirectMethodHandle$Holder.invokeStaticInit(java.lang.Object, java.lang.Object, java.lang.Object, java.lang.Object)'> (0x00000000ccba3b60) 
thrown [s\open\src\hotspot\share\interpreter\linkResolver.cpp, line 774]
Event: 6.442 Thread 0x000001d975d856c0 Exception <a 'java/lang/NoSuchMethodError'{0x00000000cc597f40}: 'java.lang.Object java.lang.invoke.DirectMethodHandle$Holder.newInvokeSpecial(java.lang.Object, java.lang.Object, java.lang.Object, int)'> (0x00000000cc597f40) 
thrown [s\open\src\hotspot\share\interpreter\linkResolver.cpp, line 774]
Event: 6.442 Thread 0x000001d975d856c0 Exception <a 'java/lang/NoSuchMethodError'{0x00000000cc59cb20}: 'java.lang.Object java.lang.invoke.DirectMethodHandle$Holder.invokeSpecial(java.lang.Object, java.lang.Object, java.lang.Object, java.lang.Object, int)'> (0x00000000cc59cb20) 
thrown [s\open\src\hotspot\share\interpreter\linkResolver.cpp, line 774]
Event: 6.442 Thread 0x000001d975d856c0 Exception <a 'java/lang/NoSuchMethodError'{0x00000000cc5a0cf8}: 'java.lang.Object java.lang.invoke.Invokers$Holder.linkToTargetMethod(java.lang.Object, java.lang.Object, int, java.lang.Object)'> (0x00000000cc5a0cf8) 
thrown [s\open\src\hotspot\share\interpreter\linkResolver.cpp, line 774]
Event: 6.877 Thread 0x000001d975d856c0 Exception <a 'java/lang/NoSuchMethodError'{0x00000000ccbd3430}: 'java.lang.Object java.lang.invoke.DirectMethodHandle$Holder.invokeStatic(java.lang.Object, java.lang.Object, int, java.lang.Object)'> (0x00000000ccbd3430) 
thrown [s\open\src\hotspot\share\interpreter\linkResolver.cpp, line 774]
Event: 6.877 Thread 0x000001d975d856c0 Exception <a 'java/lang/NoSuchMethodError'{0x00000000ccbd7990}: 'java.lang.Object java.lang.invoke.DirectMethodHandle$Holder.invokeStaticInit(java.lang.Object, java.lang.Object, int, java.lang.Object)'> (0x00000000ccbd7990) 
thrown [s\open\src\hotspot\share\interpreter\linkResolver.cpp, line 774]
Event: 6.909 Thread 0x000001d975d856c0 Exception <a 'java/lang/IncompatibleClassChangeError'{0x00000000ccaf2b48}: Found class java.lang.Object, but interface was expected> (0x00000000ccaf2b48) 
thrown [s\open\src\hotspot\share\interpreter\linkResolver.cpp, line 841]

VM Operations (20 events):
Event: 5.050 Executing VM operation: HandshakeAllThreads
Event: 5.050 Executing VM operation: HandshakeAllThreads done
Event: 5.210 Executing VM operation: HandshakeAllThreads
Event: 5.210 Executing VM operation: HandshakeAllThreads done
Event: 5.550 Executing VM operation: G1CollectForAllocation
Event: 5.553 Executing VM operation: G1CollectForAllocation done
Event: 5.870 Executing VM operation: CollectForMetadataAllocation
Event: 5.875 Executing VM operation: CollectForMetadataAllocation done
Event: 5.892 Executing VM operation: G1PauseRemark
Event: 5.896 Executing VM operation: G1PauseRemark done
Event: 5.902 Executing VM operation: G1PauseCleanup
Event: 5.902 Executing VM operation: G1PauseCleanup done
Event: 6.169 Executing VM operation: HandshakeAllThreads
Event: 6.169 Executing VM operation: HandshakeAllThreads done
Event: 6.477 Executing VM operation: G1CollectForAllocation
Event: 6.482 Executing VM operation: G1CollectForAllocation done
Event: 6.933 Executing VM operation: G1CollectForAllocation
Event: 6.936 Executing VM operation: G1CollectForAllocation done
Event: 7.038 Executing VM operation: HandshakeAllThreads
Event: 7.038 Executing VM operation: HandshakeAllThreads done

Events (20 events):
Event: 0.055 Thread 0x000001d971330100 Thread added: 0x000001d971330100
Event: 0.056 Thread 0x000001d9713313e0 Thread added: 0x000001d9713313e0
Event: 0.056 Thread 0x000001d9713360a0 Thread added: 0x000001d9713360a0
Event: 0.056 Thread 0x000001d9713369d0 Thread added: 0x000001d9713369d0
Event: 0.056 Thread 0x000001d971337300 Thread added: 0x000001d971337300
Event: 0.056 Thread 0x000001d971339c40 Thread added: 0x000001d971339c40
Event: 0.057 Thread 0x000001d97133e4b0 Thread added: 0x000001d97133e4b0
Event: 0.057 Thread 0x000001d97133f230 Thread added: 0x000001d97133f230
Event: 0.057 Thread 0x000001d97137b710 Thread added: 0x000001d97137b710
Event: 0.137 Thread 0x000001d9755e7120 Thread added: 0x000001d9755e7120
Event: 0.142 Thread 0x000001d9755f3d00 Thread added: 0x000001d9755f3d00
Event: 1.100 Thread 0x000001d975f9d4c0 Thread added: 0x000001d975f9d4c0
Event: 1.106 Thread 0x000001d975d856c0 Thread added: 0x000001d975d856c0
Event: 1.939 Thread 0x000001d9763464d0 Thread added: 0x000001d9763464d0
Event: 2.604 Thread 0x000001d976de2020 Thread added: 0x000001d976de2020
Event: 2.698 Thread 0x000001d976de2020 Thread exited: 0x000001d976de2020
Event: 2.753 Thread 0x000001d9763464d0 Thread exited: 0x000001d9763464d0
Event: 5.211 Thread 0x000001d977123020 Thread added: 0x000001d977123020
Event: 6.226 Thread 0x000001d975c04db0 Thread added: 0x000001d975c04db0
Event: 6.339 Thread 0x000001d975c05da0 Thread added: 0x000001d975c05da0


Dynamic libraries:
0x00007ff788900000 - 0x00007ff788910000 	C:\Program Files\Java\jdk-19\bin\java.exe
0x00007ffb3dbf0000 - 0x00007ffb3de04000 	C:\WINDOWS\SYSTEM32\ntdll.dll
0x00007ffb3c000000 - 0x00007ffb3c0c2000 	C:\WINDOWS\System32\KERNEL32.DLL
0x00007ffb3b2c0000 - 0x00007ffb3b65c000 	C:\WINDOWS\System32\KERNELBASE.dll
0x00007ffb3b780000 - 0x00007ffb3b891000 	C:\WINDOWS\System32\ucrtbase.dll
0x00007ffb2cb40000 - 0x00007ffb2cb58000 	C:\Program Files\Java\jdk-19\bin\jli.dll
0x00007ffb3ca90000 - 0x00007ffb3cb3e000 	C:\WINDOWS\System32\ADVAPI32.dll
0x00007ffb3d900000 - 0x00007ffb3d9a7000 	C:\WINDOWS\System32\msvcrt.dll
0x00007ffb3d850000 - 0x00007ffb3d8f4000 	C:\WINDOWS\System32\sechost.dll
0x00007ffb3cb50000 - 0x00007ffb3cc67000 	C:\WINDOWS\System32\RPCRT4.dll
0x00007ffb3c720000 - 0x00007ffb3c8cb000 	C:\WINDOWS\System32\USER32.dll
0x00007ffb3b6e0000 - 0x00007ffb3b706000 	C:\WINDOWS\System32\win32u.dll
0x00007ffb3d460000 - 0x00007ffb3d489000 	C:\WINDOWS\System32\GDI32.dll
0x00007ffb3b1a0000 - 0x00007ffb3b2b3000 	C:\WINDOWS\System32\gdi32full.dll
0x00007ffb3b960000 - 0x00007ffb3b9fa000 	C:\WINDOWS\System32\msvcp_win.dll
0x00007ffb2b500000 - 0x00007ffb2b51b000 	C:\Program Files\Java\jdk-19\bin\VCRUNTIME140.dll
0x00007ffb0e830000 - 0x00007ffb0eabe000 	C:\WINDOWS\WinSxS\amd64_microsoft.windows.common-controls_6595b64144ccf1df_6.0.22621.608_none_a9444ca7c10bb01d\COMCTL32.dll
0x00007ffb33880000 - 0x00007ffb3388a000 	C:\WINDOWS\SYSTEM32\VERSION.dll
0x00007ffb3c630000 - 0x00007ffb3c661000 	C:\WINDOWS\System32\IMM32.DLL
0x00007ffb30470000 - 0x00007ffb3047c000 	C:\Program Files\Java\jdk-19\bin\vcruntime140_1.dll
0x00007ffb28c50000 - 0x00007ffb28cde000 	C:\Program Files\Java\jdk-19\bin\msvcp140.dll
0x00007ffaddf50000 - 0x00007ffadec10000 	C:\Program Files\Java\jdk-19\bin\server\jvm.dll
0x00007ffb37ce0000 - 0x00007ffb37ce9000 	C:\WINDOWS\SYSTEM32\WSOCK32.dll
0x00007ffb3d9b0000 - 0x00007ffb3da21000 	C:\WINDOWS\System32\WS2_32.dll
0x00007ffb38f80000 - 0x00007ffb38fb4000 	C:\WINDOWS\SYSTEM32\WINMM.dll
0x00007ffb3a080000 - 0x00007ffb3a098000 	C:\WINDOWS\SYSTEM32\kernel.appcore.dll
0x00007ffb2cad0000 - 0x00007ffb2cada000 	C:\Program Files\Java\jdk-19\bin\jimage.dll
0x00007ffb38700000 - 0x00007ffb3892e000 	C:\WINDOWS\SYSTEM32\DBGHELP.DLL
0x00007ffb3ba00000 - 0x00007ffb3bd89000 	C:\WINDOWS\System32\combase.dll
0x00007ffb3bf10000 - 0x00007ffb3bfe7000 	C:\WINDOWS\System32\OLEAUT32.dll
0x00007ffb38f20000 - 0x00007ffb38f52000 	C:\WINDOWS\SYSTEM32\dbgcore.DLL
0x00007ffb3b660000 - 0x00007ffb3b6db000 	C:\WINDOWS\System32\bcryptPrimitives.dll
0x00007ffb2b4d0000 - 0x00007ffb2b4f6000 	C:\Program Files\Java\jdk-19\bin\java.dll
0x00007ffb28b70000 - 0x00007ffb28c47000 	C:\Program Files\Java\jdk-19\bin\jsvml.dll
0x00007ffb3cc70000 - 0x00007ffb3d460000 	C:\WINDOWS\System32\SHELL32.dll
0x00007ffb39040000 - 0x00007ffb3990d000 	C:\WINDOWS\SYSTEM32\windows.storage.dll
0x00007ffb38d90000 - 0x00007ffb38ece000 	C:\WINDOWS\SYSTEM32\wintypes.dll
0x00007ffb3da50000 - 0x00007ffb3db41000 	C:\WINDOWS\System32\SHCORE.dll
0x00007ffb3bd90000 - 0x00007ffb3bdee000 	C:\WINDOWS\System32\shlwapi.dll
0x00007ffb3af60000 - 0x00007ffb3af81000 	C:\WINDOWS\SYSTEM32\profapi.dll
0x00007ffb2ad20000 - 0x00007ffb2ad33000 	C:\Program Files\Java\jdk-19\bin\net.dll
0x00007ffb33960000 - 0x00007ffb33a97000 	C:\WINDOWS\SYSTEM32\WINHTTP.dll
0x00007ffb3a4f0000 - 0x00007ffb3a559000 	C:\WINDOWS\system32\mswsock.dll
0x00007ffb2abc0000 - 0x00007ffb2abd6000 	C:\Program Files\Java\jdk-19\bin\nio.dll
0x00007ffb2ab80000 - 0x00007ffb2ab98000 	C:\Program Files\Java\jdk-19\bin\zip.dll
0x00007ffb2c120000 - 0x00007ffb2c12a000 	C:\Program Files\Java\jdk-19\bin\management.dll
0x00007ffb2bde0000 - 0x00007ffb2bdeb000 	C:\Program Files\Java\jdk-19\bin\management_ext.dll
0x00007ffb3bff0000 - 0x00007ffb3bff8000 	C:\WINDOWS\System32\PSAPI.DLL
0x00007ffb2c560000 - 0x00007ffb2c570000 	C:\Program Files\Java\jdk-19\bin\verify.dll
0x00007ffb3a750000 - 0x00007ffb3a76b000 	C:\WINDOWS\SYSTEM32\CRYPTSP.dll
0x00007ffb39ff0000 - 0x00007ffb3a025000 	C:\WINDOWS\system32\rsaenh.dll
0x00007ffb3a5f0000 - 0x00007ffb3a618000 	C:\WINDOWS\SYSTEM32\USERENV.dll
0x00007ffb3a960000 - 0x00007ffb3a988000 	C:\WINDOWS\SYSTEM32\bcrypt.dll
0x00007ffb3a770000 - 0x00007ffb3a77c000 	C:\WINDOWS\SYSTEM32\CRYPTBASE.dll
0x00007ffb39b60000 - 0x00007ffb39b8d000 	C:\WINDOWS\SYSTEM32\IPHLPAPI.DLL
0x00007ffb3cb40000 - 0x00007ffb3cb49000 	C:\WINDOWS\System32\NSI.dll
0x00007ffb2ffe0000 - 0x00007ffb2fff9000 	C:\WINDOWS\SYSTEM32\dhcpcsvc6.DLL
0x00007ffb2ffa0000 - 0x00007ffb2ffbf000 	C:\WINDOWS\SYSTEM32\dhcpcsvc.DLL
0x00007ffb39bd0000 - 0x00007ffb39cc3000 	C:\WINDOWS\SYSTEM32\DNSAPI.dll
0x00007ffb2bbd0000 - 0x00007ffb2bbde000 	C:\Program Files\Java\jdk-19\bin\sunmscapi.dll
0x00007ffb3b030000 - 0x00007ffb3b196000 	C:\WINDOWS\System32\CRYPT32.dll
0x00007ffb3a930000 - 0x00007ffb3a95e000 	C:\WINDOWS\SYSTEM32\ncrypt.dll
0x00007ffb3a8f0000 - 0x00007ffb3a927000 	C:\WINDOWS\SYSTEM32\NTASN1.dll
0x00007ffb2fe30000 - 0x00007ffb2fe3a000 	C:\Windows\System32\rasadhlp.dll
0x00007ffb315a0000 - 0x00007ffb31623000 	C:\WINDOWS\System32\fwpuclnt.dll
0x00007ffb2b780000 - 0x00007ffb2b788000 	C:\Program Files\Java\jdk-19\bin\extnet.dll

dbghelp: loaded successfully - version: 4.0.5 - missing functions: none
symbol engine: initialized successfully - sym options: 0x614 - pdb path: .;C:\Program Files\Java\jdk-19\bin;C:\WINDOWS\SYSTEM32;C:\WINDOWS\WinSxS\amd64_microsoft.windows.common-controls_6595b64144ccf1df_6.0.22621.608_none_a9444ca7c10bb01d;C:\Program Files\Java\jdk-19\bin\server

VM Arguments:
java_command: com.portfolio.PortfolioApplication
java_class_path (initial): C:\Users\muert\OneDrive\Documentos\GitHub\YoProgramo-Backend\target\classes;C:\Users\muert\.m2\repository\org\springframework\boot\spring-boot-starter-data-jpa\3.0.3\spring-boot-starter-data-jpa-3.0.3.jar;C:\Users\muert\.m2\repository\org\springframework\boot\spring-boot-starter-aop\3.0.3\spring-boot-starter-aop-3.0.3.jar;C:\Users\muert\.m2\repository\org\aspectj\aspectjweaver\1.9.19\aspectjweaver-1.9.19.jar;C:\Users\muert\.m2\repository\org\springframework\boot\spring-boot-starter-jdbc\3.0.3\spring-boot-starter-jdbc-3.0.3.jar;C:\Users\muert\.m2\repository\com\zaxxer\HikariCP\5.0.1\HikariCP-5.0.1.jar;C:\Users\muert\.m2\repository\org\springframework\spring-jdbc\6.0.5\spring-jdbc-6.0.5.jar;C:\Users\muert\.m2\repository\org\hibernate\orm\hibernate-core\6.1.7.Final\hibernate-core-6.1.7.Final.jar;C:\Users\muert\.m2\repository\jakarta\persistence\jakarta.persistence-api\3.1.0\jakarta.persistence-api-3.1.0.jar;C:\Users\muert\.m2\repository\jakarta\transaction\jakarta.transaction-api\2.0.1\jakarta.transaction-api-2.0.1.jar;C:\Users\muert\.m2\repository\org\jboss\logging\jboss-logging\3.5.0.Final\jboss-logging-3.5.0.Final.jar;C:\Users\muert\.m2\repository\org\hibernate\common\hibernate-commons-annotations\6.0.6.Final\hibernate-commons-annotations-6.0.6.Final.jar;C:\Users\muert\.m2\repository\org\jboss\jandex\2.4.2.Final\jandex-2.4.2.Final.jar;C:\Users\muert\.m2\repository\com\fasterxml\classmate\1.5.1\classmate-1.5.1.jar;C:\Users\muert\.m2\repository\net\bytebuddy\byte-buddy\1.12.23\byte-buddy-1.12.23.jar;C:\Users\muert\.m2\repository\org\glassfish\jaxb\jaxb-runtime\4.0.2\jaxb-runtime-4.0.2.jar;C:\Users\muert\.m2\repository\org\glassfish\jaxb\jaxb-core\4.0.2\jaxb-core-4.0.2.jar;C:\Users\muert\.m2\repository\org\eclipse\angus\angus-activation\2.0.0\angus-activation-2.0.0.jar;C:\Users\muert\.m2\repository\org\glassfish\jaxb\txw2\4.0.2\txw2-4.0.2.jar;C:\Users\muert\.m2\repository\com\sun\istack\istack-commons-runtime\4.1.1\istack-commons-runtime-4.1.1.jar;C:\Users\muert\.m2\repository\jakarta\inject\jakarta.inject-api\2.0.0\jakarta.inject-api-2.0.0.jar;C:\Users\muert\.m2\repository\org\antlr\antlr4-runtime\4.10.1\antlr4-runtime-4.10.1.jar;C:\Users\muert\.m2\repository\org\springframework\data\spring-data-jpa\3.0.2\spring-data-jpa-3.0.2.jar;C:\Users\muert\.m2\repository\org\springframework\data\spring-data-commons\3.0.2\spring-data-commons-3.0.2.jar;C:\Users\muert\.m2\repository\org\springframework\spring-orm\6.0.5\spring-orm-6.0.5.jar;C:\Users\muert\.m2\repository\org\springframework\spring-context\6.0.5\spring-context-6.0.5.jar;C:\Users\muert\.m2\repository\org\springframework\spring-tx\6.0.5\spring-tx-6.0.5.jar;C:\Users\muert\.m2\repository\org\springframework\spring-beans\6.0.5\spring-beans-6.0.5.jar;C:\Users\muert\.m2\repository\jakarta\annotation\jakarta.annotation-api\2.1.1\jakarta.annotation-api-2.1.1.jar;C:\Users\muert\.m2\repository\org\slf4j\slf4j-api\2.0.6\slf4j-api-2.0.6.jar;C:\Users\muert\.m2\repository\org\springframework\spring-aspects\6.0.5\spring-aspects-6.0.5.jar;C:\Users\muert\.m2\repository\org\springframework\boot\spring-boot-starter-validation\3.0.3\spring-boot-starter-validation-3.0.3.jar;C:\Users\muert\.m2\repository\org\springframework\boot\spring-boot-starter\3.0.3\spring-boot-starter-3.0.3.jar;C:\Users\muert\.m2\repository\org\springframework\boot\spring-boot-starter-logging\3.0.3\spring-boot-starter-logging-3.0.3.jar;C:\Users\muert\.m2\repository\ch\qos\logback\logback-classic\1.4.5\logback-classic-1.4.5.jar;C:\Users\muert\.m2\repository\ch\qos\logback\logback-core\1.4.5\logback-core-1.4.5.jar;C:\Users\muert\.m2\repository\org\apache\logging\log4j\log4j-to-slf4j\2.19.0\log4j-to-slf4j-2.19.0.jar;C:\Users\muert\.m2\repository\org\apache\logging\log4j\log4j-api\2.19.0\log4j-api-2.19.0.jar;C:\Users\muert\.m2\repository\org\slf4j\jul-to-slf4j\2.0.6\jul-to-slf4j-2.0.6.jar;C:\Users\muert\.m2\repository\org\yaml\snakeyaml\1.33\snakeyaml-1.33.jar;C:\Users\muert\.m2\repository\org\apache\tomcat\embed\tomcat-embed-el\10.1.5\tomcat-embed-el-10.1.5.jar;C:\Users\muert\.m2\repository\org\hibernate\validator\hibernate-validator\8.0.0.Final\hibernate-validator-8.0.0.Final.jar;C:\Users\muert\.m2\repository\jakarta\validation\jakarta.validation-api\3.0.2\jakarta.validation-api-3.0.2.jar;C:\Users\muert\.m2\repository\org\springframework\boot\spring-boot-starter-web\3.0.3\spring-boot-starter-web-3.0.3.jar;C:\Users\muert\.m2\repository\org\springframework\boot\spring-boot-starter-json\3.0.3\spring-boot-starter-json-3.0.3.jar;C:\Users\muert\.m2\repository\com\fasterxml\jackson\datatype\jackson-datatype-jdk8\2.14.2\jackson-datatype-jdk8-2.14.2.jar;C:\Users\muert\.m2\repository\com\fasterxml\jackson\datatype\jackson-datatype-jsr310\2.14.2\jackson-datatype-jsr310-2.14.2.jar;C:\Users\muert\.m2\repository\com\fasterxml\jackson\module\jackson-module-parameter-names\2.14.2\jackson-module-parameter-names-2.14.2.jar;C:\Users\muert\.m2\repository\org\springframework\boot\spring-boot-starter-tomcat\3.0.3\spring-boot-starter-tomcat-3.0.3.jar;C:\Users\muert\.m2\repository\org\apache\tomcat\embed\tomcat-embed-core\10.1.5\tomcat-embed-core-10.1.5.jar;C:\Users\muert\.m2\repository\org\apache\tomcat\embed\tomcat-embed-websocket\10.1.5\tomcat-embed-websocket-10.1.5.jar;C:\Users\muert\.m2\repository\org\springframework\spring-web\6.0.5\spring-web-6.0.5.jar;C:\Users\muert\.m2\repository\io\micrometer\micrometer-observation\1.10.4\micrometer-observation-1.10.4.jar;C:\Users\muert\.m2\repository\io\micrometer\micrometer-commons\1.10.4\micrometer-commons-1.10.4.jar;C:\Users\muert\.m2\repository\org\springframework\spring-webmvc\6.0.5\spring-webmvc-6.0.5.jar;C:\Users\muert\.m2\repository\org\springframework\spring-expression\6.0.5\spring-expression-6.0.5.jar;C:\Users\muert\.m2\repository\org\springframework\boot\spring-boot-devtools\3.0.3\spring-boot-devtools-3.0.3.jar;C:\Users\muert\.m2\repository\org\springframework\boot\spring-boot\3.0.3\spring-boot-3.0.3.jar;C:\Users\muert\.m2\repository\org\springframework\boot\spring-boot-autoconfigure\3.0.3\spring-boot-autoconfigure-3.0.3.jar;C:\Users\muert\.m2\repository\com\mysql\mysql-connector-j\8.0.32\mysql-connector-j-8.0.32.jar;C:\Users\muert\.m2\repository\org\projectlombok\lombok\1.18.26\lombok-1.18.26.jar;C:\Users\muert\.m2\repository\jakarta\xml\bind\jakarta.xml.bind-api\4.0.0\jakarta.xml.bind-api-4.0.0.jar;C:\Users\muert\.m2\repository\jakarta\activation\jakarta.activation-api\2.1.1\jakarta.activation-api-2.1.1.jar;C:\Users\muert\.m2\repository\org\springframework\spring-core\6.0.5\spring-core-6.0.5.jar;C:\Users\muert\.m2\repository\org\springframework\spring-jcl\6.0.5\spring-jcl-6.0.5.jar;C:\Users\muert\.m2\repository\org\springframework\boot\spring-boot-starter-security\3.0.3\spring-boot-starter-security-3.0.3.jar;C:\Users\muert\.m2\repository\org\springframework\spring-aop\6.0.5\spring-aop-6.0.5.jar;C:\Users\muert\.m2\repository\org\springframework\security\spring-security-config\6.0.2\spring-security-config-6.0.2.jar;C:\Users\muert\.m2\repository\org\springframework\security\spring-security-core\6.0.2\spring-security-core-6.0.2.jar;C:\Users\muert\.m2\repository\org\springframework\security\spring-security-crypto\6.0.2\spring-security-crypto-6.0.2.jar;C:\Users\muert\.m2\repository\org\springframework\security\spring-security-web\6.0.2\spring-security-web-6.0.2.jar;C:\Users\muert\.m2\repository\io\jsonwebtoken\jjwt\0.9.1\jjwt-0.9.1.jar;C:\Users\muert\.m2\repository\com\fasterxml\jackson\core\jackson-databind\2.14.2\jackson-databind-2.14.2.jar;C:\Users\muert\.m2\repository\com\fasterxml\jackson\core\jackson-annotations\2.14.2\jackson-annotations-2.14.2.jar;C:\Users\muert\.m2\repository\com\fasterxml\jackson\core\jackson-core\2.14.2\jackson-core-2.14.2.jar;C:\Users\muert\.m2\repository\org\apache\commons\commons-lang3\3.12.0\commons-lang3-3.12.0.jar;C:\Users\muert\.m2\repository\javax\xml\bind\jaxb-api\2.2.1\jaxb-api-2.2.1.jar;C:\Users\muert\.m2\repository\javax\xml\stream\stax-api\1.0-2\stax-api-1.0-2.jar;C:\Users\muert\.m2\repository\javax\activation\activation\1.1\activation-1.1.jar
Launcher Type: SUN_STANDARD

[Global flags]
     intx CICompilerCount                          = 4                                         {product} {ergonomic}
     uint ConcGCThreads                            = 2                                         {product} {ergonomic}
     uint G1ConcRefinementThreads                  = 8                                         {product} {ergonomic}
   size_t G1HeapRegionSize                         = 1048576                                   {product} {ergonomic}
    uintx GCDrainStackTargetSize                   = 64                                        {product} {ergonomic}
   size_t InitialHeapSize                          = 56623104                                  {product} {ergonomic}
   size_t MarkStackSize                            = 4194304                                   {product} {ergonomic}
   size_t MaxHeapSize                              = 897581056                                 {product} {ergonomic}
   size_t MaxNewSize                               = 537919488                                 {product} {ergonomic}
   size_t MinHeapDeltaBytes                        = 1048576                                   {product} {ergonomic}
   size_t MinHeapSize                              = 8388608                                   {product} {ergonomic}
    uintx NonNMethodCodeHeapSize                   = 5839372                                {pd product} {ergonomic}
    uintx NonProfiledCodeHeapSize                  = 122909434                              {pd product} {ergonomic}
    uintx ProfiledCodeHeapSize                     = 122909434                              {pd product} {ergonomic}
    uintx ReservedCodeCacheSize                    = 251658240                              {pd product} {ergonomic}
     bool SegmentedCodeCache                       = true                                      {product} {ergonomic}
   size_t SoftMaxHeapSize                          = 897581056                              {manageable} {ergonomic}
     bool UseCompressedClassPointers               = true                           {product lp64_product} {ergonomic}
     bool UseCompressedOops                        = true                           {product lp64_product} {ergonomic}
     bool UseG1GC                                  = true                                      {product} {ergonomic}
     bool UseLargePagesIndividualAllocation        = false                                  {pd product} {ergonomic}

Logging:
Log output configuration:
 #0: stdout all=warning uptime,level,tags foldmultilines=false
 #1: stderr all=off uptime,level,tags foldmultilines=false

Environment Variables:
JAVA_HOME=C:\Program Files\Java\jdk-19
PATH=C:\Program Files\Common Files\Oracle\Java\javapath;C:\WINDOWS\system32;C:\WINDOWS;C:\WINDOWS\System32\Wbem;C:\WINDOWS\System32\WindowsPowerShell\v1.0\;C:\WINDOWS\System32\OpenSSH\;C:\Program Files\Microsoft SQL Server\150\Tools\Binn\;C:\Program Files\Microsoft SQL Server\Client SDK\ODBC\170\Tools\Binn\;C:\Program Files (x86)\Microsoft SQL Server\150\Tools\Binn\;C:\Program Files\Microsoft SQL Server\150\DTS\Binn\;C:\Program Files\Git\cmd;C:\Program Files\nodejs\;C:\Program Files\dotnet\;C:\Users\muert\AppData\Local\Microsoft\WindowsApps;C:\Users\muert\AppData\Local\Programs\Microsoft VS Code\bin;C:\Users\muert\AppData\Local\GitHubDesktop\bin;C:\Users\muert\AppData\Roaming\npm;C:\Users\muert\.dotnet\tools
USERNAME=muert
OS=Windows_NT
PROCESSOR_IDENTIFIER=AMD64 Family 23 Model 104 Stepping 1, AuthenticAMD
TMP=C:\Users\muert\AppData\Local\Temp
TEMP=C:\Users\muert\AppData\Local\Temp



---------------  S Y S T E M  ---------------

OS:
 Windows 11 , 64 bit Build 22621 (10.0.22621.1485)
OS uptime: 10 days 23:29 hours

CPU: total 8 (initial active 8) (8 cores per cpu, 2 threads per core) family 23 model 104 stepping 1 microcode 0x0, cx8, cmov, fxsr, ht, mmx, 3dnowpref, sse, sse2, sse3, ssse3, sse4a, sse4.1, sse4.2, popcnt, lzcnt, tsc, tscinvbit, avx, avx2, aes, clmul, bmi1, bmi2, adx, sha, fma, vzeroupper, clflush, clflushopt, rdtscp, rdpid

Memory: 4k page, system-wide physical 3418M (171M free)
TotalPageFile size 14170M (AvailPageFile size 2M)
current process WorkingSet (physical memory assigned to process): 198M, peak: 198M
current process commit charge ("private bytes"): 236M, peak: 237M

vm_info: Java HotSpot(TM) 64-Bit Server VM (19.0.2+7-44) for windows-amd64 JRE (19.0.2+7-44), built on 2022-11-30T18:02:09Z by "mach5one" with MS VC++ 17.1 (VS2022)

END.
